GROUP,PACKAGE,CLASS,INSTRUCTION_MISSED,INSTRUCTION_COVERED,BRANCH_MISSED,BRANCH_COVERED,LINE_MISSED,LINE_COVERED,COMPLEXITY_MISSED,COMPLEXITY_COVERED,METHOD_MISSED,METHOD_COVERED
domain,au.com.realestate.domain.di,DomainModuleKt,12,0,0,0,1,0,2,0,2,0
domain,au.com.realestate.domain.di,DomainModuleKt.domainModule.new Function1() {...},92,0,0,0,31,0,1,0,1,0
domain,au.com.realestate.domain.di,DomainModuleKt.domainModule.1..special..inlined.single.new Function1() {...},120,0,8,0,11,0,5,0,1,0
domain,au.com.realestate.domain.di,DomainModuleKt.domainModule.1..special..inlined.single.new Function1() {...},120,0,8,0,11,0,5,0,1,0
domain,au.com.realestate.domain.route.model,Route,20,67,1,1,5,6,6,2,5,2
domain,au.com.realestate.domain.route.model,Direction.North,13,0,0,0,2,0,3,0,3,0
domain,au.com.realestate.domain.route.model,Direction.South,13,0,0,0,2,0,3,0,3,0
domain,au.com.realestate.domain.route.usecase,GetSouthComingTrams,0,17,0,0,0,3,0,2,0,2
domain,au.com.realestate.domain.route.usecase,GetNorthComingTrams,0,17,0,0,0,3,0,2,0,2
